mode: set
checkers/packages/minimax/minimax.go:21.47,22.11 1 1
checkers/packages/minimax/minimax.go:22.11,24.3 1 1
checkers/packages/minimax/minimax.go:25.2,25.17 1 1
checkers/packages/minimax/minimax.go:25.17,27.3 1 1
checkers/packages/minimax/minimax.go:28.2,28.12 1 1
checkers/packages/minimax/minimax.go:31.51,33.80 2 1
checkers/packages/minimax/minimax.go:33.80,35.3 1 1
checkers/packages/minimax/minimax.go:36.2,36.82 1 1
checkers/packages/minimax/minimax.go:36.82,38.3 1 1
checkers/packages/minimax/minimax.go:39.2,40.90 2 1
checkers/packages/minimax/minimax.go:43.68,44.44 1 1
checkers/packages/minimax/minimax.go:44.44,45.57 1 1
checkers/packages/minimax/minimax.go:45.57,47.18 2 1
checkers/packages/minimax/minimax.go:47.18,49.5 1 0
checkers/packages/minimax/minimax.go:50.4,50.99 1 1
checkers/packages/minimax/minimax.go:53.3,53.104 1 1
checkers/packages/minimax/minimax.go:53.104,55.4 1 1
checkers/packages/minimax/minimax.go:57.3,57.91 1 1
checkers/packages/minimax/minimax.go:57.91,59.4 1 1
checkers/packages/minimax/minimax.go:62.2,65.36 3 1
checkers/packages/minimax/minimax.go:68.85,71.2 2 1
checkers/packages/minimax/minimax.go:73.96,74.26 1 1
checkers/packages/minimax/minimax.go:74.26,76.3 1 1
checkers/packages/minimax/minimax.go:77.2,77.18 1 1
checkers/packages/minimax/minimax.go:80.77,82.19 2 0
checkers/packages/minimax/minimax.go:82.19,84.3 1 0
checkers/packages/minimax/minimax.go:86.2,86.35 1 0
checkers/packages/minimax/minimax.go:86.35,89.3 2 0
checkers/packages/minimax/minimax.go:91.2,91.56 1 0
checkers/packages/minimax/minimax.go:91.56,95.53 3 0
checkers/packages/minimax/minimax.go:95.53,97.4 1 0
checkers/packages/minimax/minimax.go:97.9,97.60 1 0
checkers/packages/minimax/minimax.go:97.60,99.4 1 0
checkers/packages/minimax/minimax.go:101.2,101.18 1 0
